<?xml version="1.0" encoding="UTF-8"?>
<!-- Generated by org.testng.reporters.JUnitReportReporter -->
<testsuite hostname="DESKTOP-2S5B2IC" failures="0" tests="1" name="testcases.US" time="310.569" errors="0" timestamp="2023-05-29T17:17:16 IST" skipped="0">
  <testcase classname="testcases.US" name="usAgreement" time="310.569"/>
  <system-out>
    <![CDATA[Method name is = usAgreement
Status of execution is = 1]]>
  </system-out>
</testsuite> <!-- testcases.US -->
