<?xml version="1.0" encoding="UTF-8"?>
<!-- Generated by org.testng.reporters.JUnitReportReporter -->
<testsuite hostname="AnkitSDEV00680" failures="0" tests="1" name="qa.tests.VerifyOtherSections" time="7.886" errors="0" timestamp="2024-04-22T14:50:30 IST" skipped="0">
  <testcase classname="qa.tests.VerifyOtherSections" name="verifyOtherSections" time="7.886"/>
  <system-out/>
</testsuite> <!-- qa.tests.VerifyOtherSections -->
