<?xml version="1.0" encoding="UTF-8"?>
<!-- Generated by org.testng.reporters.JUnitReportReporter -->
<testsuite hostname="AnkitSDEV00680" failures="0" tests="1" name="qa.tests.VerifyLoginPage" time="7.493" errors="0" timestamp="2024-04-22T14:50:30 IST" skipped="0">
  <testcase classname="qa.tests.VerifyLoginPage" name="verifyLoginPage" time="7.493"/>
  <system-out/>
</testsuite> <!-- qa.tests.VerifyLoginPage -->
