<?xml version="1.0" encoding="UTF-8"?>
<!-- Generated by org.testng.reporters.JUnitReportReporter -->
<testsuite hostname="AnkitSDEV00680" failures="0" tests="1" name="qa.tests.VerifyRegisterPage" time="2.397" errors="0" timestamp="2024-04-22T18:55:03 IST" skipped="0">
  <testcase classname="qa.tests.VerifyRegisterPage" name="sampleMethodForEnteringRegistration" time="2.397"/>
  <system-out/>
</testsuite> <!-- qa.tests.VerifyRegisterPage -->
