<?xml version="1.0" encoding="UTF-8"?>
<!-- Generated by org.testng.reporters.JUnitReportReporter -->
<testsuite hostname="AnkitSDEV00680" failures="0" tests="1" name="qa.tests.Testcase1" time="11.327" errors="0" timestamp="2024-01-31T19:20:36 IST" skipped="0">
  <testcase classname="qa.tests.Testcase1" name="sampleMethodForEnteringRegistration" time="11.327"/>
  <system-out/>
</testsuite> <!-- qa.tests.Testcase1 -->
